[2024-05-23 17:52:15] [ INFO ] [BD:32] tablas creada con exito
[2024-05-23 17:52:15] [ INFO ] [PacienteDAOH2:23] iniciando la operacion de buscado de un paciente con id : 2
[2024-05-23 17:52:15] [ INFO ] [DomicilioDAOH2:22] iniciando la busqueda de un domicilio con id: 2
[2024-05-23 18:54:53] [ INFO ] [BD:32] tablas creada con exito
[2024-05-23 18:54:53] [ INFO ] [PacienteDAOH2:23] iniciando la operacion de buscado de un paciente con id : 2
[2024-05-23 18:54:53] [ INFO ] [DomicilioDAOH2:22] iniciando la busqueda de un domicilio con id: 2
[2024-05-23 19:20:17] [ INFO ] [PacienteDAOH2:108] iniciando la busqueda por email: johndoe@gmail.com
[2024-05-23 19:20:17] [ ERROR] [PacienteDAOH2:124] Table "PACIENTES" not found (this database is empty); SQL statement:
SELECT * FROM PACIENTES WHERE EMAIL=? [42104-224]
[2024-05-23 19:24:09] [ INFO ] [PacienteDAOH2:108] iniciando la busqueda por email: jorge.pereyra@digitalhouse.com
[2024-05-23 19:24:09] [ ERROR] [PacienteDAOH2:124] Table "PACIENTES" not found (this database is empty); SQL statement:
SELECT * FROM PACIENTES WHERE EMAIL=? [42104-224]
[2024-05-23 19:24:50] [ INFO ] [PacienteDAOH2:108] iniciando la busqueda por email: 'jorge.pereyra@digitalhouse.com'
[2024-05-23 19:24:50] [ ERROR] [PacienteDAOH2:124] Table "PACIENTES" not found (this database is empty); SQL statement:
SELECT * FROM PACIENTES WHERE EMAIL=? [42104-224]
[2024-05-23 19:25:02] [ INFO ] [PacienteDAOH2:108] iniciando la busqueda por email: jorge.pereyra@digitalhouse.com
[2024-05-23 19:25:02] [ ERROR] [PacienteDAOH2:124] Table "PACIENTES" not found (this database is empty); SQL statement:
SELECT * FROM PACIENTES WHERE EMAIL=? [42104-224]
[2024-05-23 19:36:26] [ INFO ] [BD:32] tablas creada con exito
[2024-05-23 19:36:26] [ INFO ] [PacienteDAOH2:50] iniciando la operacion de buscado de un paciente con id : 2
[2024-05-23 19:36:26] [ INFO ] [DomicilioDAOH2:44] iniciando la busqueda de un domicilio con id: 2
[2024-05-23 19:36:26] [ ERROR] [PacienteDAOH2:66] Valor Invalido "7" para el parametro "columnIndex"
Invalid value "7" for parameter "columnIndex" [90008-224]
[2024-05-23 19:44:49] [ INFO ] [BD:31] tablas creada con exito
[2024-05-23 19:44:49] [ INFO ] [PacienteDAOH2:48] iniciando la operacion de buscado de un paciente con id : 2
[2024-05-23 19:44:49] [ INFO ] [DomicilioDAOH2:44] iniciando la busqueda de un domicilio con id: 2
[2024-05-23 19:44:56] [ INFO ] [BD:31] tablas creada con exito
[2024-05-23 19:44:56] [ INFO ] [PacienteDAOH2:48] iniciando la operacion de buscado de un paciente con id : 2
[2024-05-23 19:44:56] [ INFO ] [DomicilioDAOH2:44] iniciando la busqueda de un domicilio con id: 2
[2024-05-23 19:45:16] [ INFO ] [PacienteDAOH2:106] iniciando la busqueda por email: jorge.pereyra@digitalhouse.com
[2024-05-23 19:45:17] [ ERROR] [PacienteDAOH2:122] Table "PACIENTES" not found (this database is empty); SQL statement:
SELECT * FROM PACIENTES WHERE EMAIL=? [42104-224]
[2024-05-23 20:02:37] [ INFO ] [BD:31] tablas creada con exito
[2024-05-23 20:02:37] [ INFO ] [Odontologo:34] Odontólogo guardado: Odontologo: Juan Perez - Matrícula: 12345
[2024-05-23 20:04:37] [ INFO ] [BD:31] tablas creada con exito
[2024-05-23 20:04:37] [ INFO ] [PacienteDAOH2:48] iniciando la operacion de buscado de un paciente con id : 2
[2024-05-23 20:04:37] [ INFO ] [DomicilioDAOH2:44] iniciando la busqueda de un domicilio con id: 2
[2024-05-23 20:31:42] [ INFO ] [BD:31] tablas creada con exito
[2024-05-23 20:31:42] [ INFO ] [PacienteDAOH2:48] iniciando la operacion de buscado de un paciente con id : 2
[2024-05-23 20:31:42] [ INFO ] [DomicilioDAOH2:44] iniciando la busqueda de un domicilio con id: 2
[2024-05-23 20:32:12] [ INFO ] [BD:31] tablas creada con exito
[2024-05-23 20:32:12] [ INFO ] [PacienteDAOH2:106] iniciando la busqueda por email: jorge.pereyra@digitalhouse.com
[2024-05-23 20:32:12] [ INFO ] [DomicilioDAOH2:44] iniciando la busqueda de un domicilio con id: 1
[2024-05-23 20:34:35] [ INFO ] [BD:31] tablas creada con exito
[2024-05-23 20:34:44] [ INFO ] [PacienteDAOH2:106] iniciando la busqueda por email: jorge.pereyra@digitalhouse.com
[2024-05-23 20:34:44] [ INFO ] [DomicilioDAOH2:44] iniciando la busqueda de un domicilio con id: 1
